{"contracts\\AragonDAO.sol":{"l":{"28":18,"29":18,"33":6,"37":6,"46":8},"path":"C:\\Users\\pukhn\\Smart Contracts\\Aragon\\contracts\\AragonDAO.sol","s":{"1":6,"2":6,"3":8},"b":{},"f":{"1":18,"2":6,"3":6,"4":8},"fnMap":{"1":{"name":"constructor","line":26,"loc":{"start":{"line":18,"column":4},"end":{"line":30,"column":4}}},"2":{"name":"votingDelay","line":32,"loc":{"start":{"line":32,"column":4},"end":{"line":34,"column":4}}},"3":{"name":"votingPeriod","line":36,"loc":{"start":{"line":36,"column":4},"end":{"line":38,"column":4}}},"4":{"name":"quorum","line":40,"loc":{"start":{"line":40,"column":4},"end":{"line":47,"column":4}}}},"statementMap":{"1":{"start":{"line":33,"column":8},"end":{"line":33,"column":27}},"2":{"start":{"line":37,"column":8},"end":{"line":37,"column":28}},"3":{"start":{"line":46,"column":8},"end":{"line":46,"column":40}}},"branchMap":{}},"contracts\\Contract.sol":{"l":{"10":1,"14":1,"15":1,"17":0},"path":"C:\\Users\\pukhn\\Smart Contracts\\Aragon\\contracts\\Contract.sol","s":{"1":1,"2":1,"3":0},"b":{"1":[1,0]},"f":{"1":1,"2":1},"fnMap":{"1":{"name":"release","line":9,"loc":{"start":{"line":9,"column":4},"end":{"line":11,"column":4}}},"2":{"name":"isConractReleased","line":13,"loc":{"start":{"line":13,"column":4},"end":{"line":18,"column":4}}}},"statementMap":{"1":{"start":{"line":14,"column":8},"end":{"line":14,"column":339}},"2":{"start":{"line":15,"column":12},"end":{"line":15,"column":38}},"3":{"start":{"line":17,"column":8},"end":{"line":17,"column":29}}},"branchMap":{"1":{"line":14,"type":"if","locations":[{"start":{"line":14,"column":8},"end":{"line":14,"column":8}},{"start":{"line":14,"column":8},"end":{"line":14,"column":8}}]}}},"contracts\\ERC20.sol":{"l":{"11":18,"19":50,"23":18,"30":0},"path":"C:\\Users\\pukhn\\Smart Contracts\\Aragon\\contracts\\ERC20.sol","s":{"1":18,"2":50,"3":18,"4":0},"b":{},"f":{"1":18,"2":50,"3":18,"4":0},"fnMap":{"1":{"name":"constructor","line":9,"loc":{"start":{"line":7,"column":4},"end":{"line":12,"column":4}}},"2":{"name":"_afterTokenTransfer","line":14,"loc":{"start":{"line":14,"column":4},"end":{"line":20,"column":4}}},"3":{"name":"_mint","line":22,"loc":{"start":{"line":22,"column":4},"end":{"line":24,"column":4}}},"4":{"name":"_burn","line":26,"loc":{"start":{"line":26,"column":4},"end":{"line":31,"column":4}}}},"statementMap":{"1":{"start":{"line":11,"column":8},"end":{"line":11,"column":40}},"2":{"start":{"line":19,"column":8},"end":{"line":19,"column":50}},"3":{"start":{"line":23,"column":8},"end":{"line":23,"column":30}},"4":{"start":{"line":30,"column":8},"end":{"line":30,"column":35}}},"branchMap":{}},"contracts\\GovernorCountingSimpleUpdated.sol":{"l":{"44":0,"57":0,"69":0,"85":1,"86":1,"103":2,"105":2,"120":2,"122":2,"136":15,"138":15,"139":15,"141":15,"142":15,"144":0,"147":0,"151":0,"152":0,"154":0,"155":0,"157":0,"159":0,"162":15,"163":3,"165":9,"167":3,"169":0},"path":"C:\\Users\\pukhn\\Smart Contracts\\Aragon\\contracts\\GovernorCountingSimpleUpdated.sol","s":{"1":0,"2":0,"3":0,"4":1,"5":1,"6":2,"7":2,"8":2,"9":2,"10":15,"11":15,"12":0,"13":0,"14":0,"15":0,"16":0,"17":15,"18":12,"19":3,"20":0},"b":{"1":[15,0],"2":[0,0],"3":[0,0],"4":[0,0],"5":[3,12],"6":[9,3],"7":[3,0]},"f":{"1":0,"2":0,"3":0,"4":1,"5":2,"6":2,"7":15},"fnMap":{"1":{"name":"COUNTING_MODE","line":37,"loc":{"start":{"line":37,"column":4},"end":{"line":45,"column":4}}},"2":{"name":"hasVoted","line":50,"loc":{"start":{"line":50,"column":4},"end":{"line":58,"column":4}}},"3":{"name":"hasVotedOn","line":63,"loc":{"start":{"line":63,"column":4},"end":{"line":70,"column":4}}},"4":{"name":"proposalVotes","line":75,"loc":{"start":{"line":75,"column":4},"end":{"line":91,"column":4}}},"5":{"name":"_quorumReached","line":96,"loc":{"start":{"line":96,"column":4},"end":{"line":108,"column":4}}},"6":{"name":"_voteSucceeded","line":113,"loc":{"start":{"line":113,"column":4},"end":{"line":123,"column":4}}},"7":{"name":"_countVote","line":129,"loc":{"start":{"line":129,"column":4},"end":{"line":171,"column":4}}}},"statementMap":{"1":{"start":{"line":44,"column":8},"end":{"line":44,"column":49}},"2":{"start":{"line":57,"column":8},"end":{"line":57,"column":59}},"3":{"start":{"line":69,"column":8},"end":{"line":69,"column":68}},"4":{"start":{"line":85,"column":8},"end":{"line":85,"column":70}},"5":{"start":{"line":86,"column":8},"end":{"line":86,"column":2149}},"6":{"start":{"line":103,"column":8},"end":{"line":103,"column":70}},"7":{"start":{"line":105,"column":8},"end":{"line":105,"column":2639}},"8":{"start":{"line":120,"column":8},"end":{"line":120,"column":70}},"9":{"start":{"line":122,"column":8},"end":{"line":122,"column":64}},"10":{"start":{"line":136,"column":8},"end":{"line":136,"column":70}},"11":{"start":{"line":138,"column":8},"end":{"line":138,"column":3631}},"12":{"start":{"line":144,"column":12},"end":{"line":144,"column":3884}},"13":{"start":{"line":147,"column":12},"end":{"line":147,"column":4001}},"14":{"start":{"line":154,"column":12},"end":{"line":154,"column":4243}},"15":{"start":{"line":156,"column":19},"end":{"line":156,"column":4389}},"16":{"start":{"line":158,"column":19},"end":{"line":158,"column":4531}},"17":{"start":{"line":162,"column":8},"end":{"line":162,"column":4688}},"18":{"start":{"line":164,"column":15},"end":{"line":164,"column":4796}},"19":{"start":{"line":166,"column":15},"end":{"line":166,"column":4896}},"20":{"start":{"line":169,"column":12},"end":{"line":169,"column":74}}},"branchMap":{"1":{"line":138,"type":"if","locations":[{"start":{"line":138,"column":8},"end":{"line":138,"column":8}},{"start":{"line":138,"column":8},"end":{"line":138,"column":8}}]},"2":{"line":154,"type":"if","locations":[{"start":{"line":154,"column":12},"end":{"line":154,"column":12}},{"start":{"line":154,"column":12},"end":{"line":154,"column":12}}]},"3":{"line":156,"type":"if","locations":[{"start":{"line":156,"column":19},"end":{"line":156,"column":19}},{"start":{"line":156,"column":19},"end":{"line":156,"column":19}}]},"4":{"line":158,"type":"if","locations":[{"start":{"line":158,"column":19},"end":{"line":158,"column":19}},{"start":{"line":158,"column":19},"end":{"line":158,"column":19}}]},"5":{"line":162,"type":"if","locations":[{"start":{"line":162,"column":8},"end":{"line":162,"column":8}},{"start":{"line":162,"column":8},"end":{"line":162,"column":8}}]},"6":{"line":164,"type":"if","locations":[{"start":{"line":164,"column":15},"end":{"line":164,"column":15}},{"start":{"line":164,"column":15},"end":{"line":164,"column":15}}]},"7":{"line":166,"type":"if","locations":[{"start":{"line":166,"column":15},"end":{"line":166,"column":15}},{"start":{"line":166,"column":15},"end":{"line":166,"column":15}}]}}},"contracts\\VoteToken.sol":{"l":{"15":0,"16":0,"21":0,"29":0,"37":0},"path":"C:\\Users\\pukhn\\Smart Contracts\\Aragon\\contracts\\VoteToken.sol","s":{"1":0,"2":0,"3":0,"4":0,"5":0},"b":{"1":[0,0]},"f":{"1":0,"2":0,"3":0,"4":0},"fnMap":{"1":{"name":"constructor","line":13,"loc":{"start":{"line":11,"column":4},"end":{"line":18,"column":4}}},"2":{"name":"safeMint","line":20,"loc":{"start":{"line":20,"column":4},"end":{"line":22,"column":4}}},"3":{"name":"_safeTransferFrom","line":24,"loc":{"start":{"line":24,"column":4},"end":{"line":30,"column":4}}},"4":{"name":"_afterTokenTransfer","line":32,"loc":{"start":{"line":32,"column":4},"end":{"line":38,"column":4}}}},"statementMap":{"1":{"start":{"line":15,"column":8},"end":{"line":15,"column":621}},"2":{"start":{"line":16,"column":12},"end":{"line":16,"column":37}},"3":{"start":{"line":21,"column":8},"end":{"line":21,"column":29}},"4":{"start":{"line":29,"column":8},"end":{"line":29,"column":46}},"5":{"start":{"line":37,"column":8},"end":{"line":37,"column":51}}},"branchMap":{"1":{"line":20,"type":"if","locations":[{"start":{"line":20,"column":58},"end":{"line":20,"column":58}},{"start":{"line":20,"column":58},"end":{"line":20,"column":58}}]}}}}